INTELFPGAOCLSDKROOT is not set
Using script's current directory (/opt/altera/aocl-pro-rte/aclrte-linux64)

aoc was not found, but aocl was found. Assuming only RTE is installed.

AOCL_BOARD_PACKAGE_ROOT is set to /opt/intel/openvino/bitstreams/a10_vision_design_sg2_bitstreams/BSP/a10_1150_sg2. Using that.
Adding /opt/altera/aocl-pro-rte/aclrte-linux64/bin to PATH
Adding /opt/altera/aocl-pro-rte/aclrte-linux64/linux64/lib to LD_LIBRARY_PATH
Adding /opt/altera/aocl-pro-rte/aclrte-linux64/host/linux64/lib to LD_LIBRARY_PATH
Adding /opt/intel/openvino/bitstreams/a10_vision_design_sg2_bitstreams/BSP/a10_1150_sg2/linux64/lib to LD_LIBRARY_PATH
aocl program: Running program from /opt/intel/openvino/bitstreams/a10_vision_design_sg2_bitstreams/BSP/a10_1150_sg2/linux64/libexec
Programming device: a10gx_2ddr : Intel Vision Accelerator Design with Intel Arria 10 FPGA (acla10_1150_sg20)
Program succeed. 
Total People in frame = 8
Number of people in queue = {1: 2, 2: 0}
Total People in frame = 8
Number of people in queue = {1: 2, 2: 0}
Total People in frame = 6
Number of people in queue = {1: 2, 2: 0}
Total People in frame = 7
Number of people in queue = {1: 2, 2: 0}
Total People in frame = 7
Number of people in queue = {1: 2, 2: 0}
Total People in frame = 7
Number of people in queue = {1: 2, 2: 0}
Total People in frame = 7
Number of people in queue = {1: 2, 2: 0}
Total People in frame = 7
Number of people in queue = {1: 2, 2: 0}
Total People in frame = 8
Number of people in queue = {1: 2, 2: 1}
Total People in frame = 8
Number of people in queue = {1: 2, 2: 1}
Total People in frame = 8
Number of people in queue = {1: 2, 2: 1}
Total People in frame = 8
Number of people in queue = {1: 2, 2: 1}
Total People in frame = 8
Number of people in queue = {1: 2, 2: 1}
Total People in frame = 8
Number of people in queue = {1: 2, 2: 1}
Total People in frame = 8
Number of people in queue = {1: 2, 2: 1}
Total People in frame = 8
Number of people in queue = {1: 2, 2: 1}
Total People in frame = 8
Number of people in queue = {1: 2, 2: 1}
Total People in frame = 8
Number of people in queue = {1: 2, 2: 1}
Total People in frame = 8
Number of people in queue = {1: 2, 2: 1}
Total People in frame = 8
Number of people in queue = {1: 2, 2: 1}
Total People in frame = 7
Number of people in queue = {1: 2, 2: 0}
Total People in frame = 8
Number of people in queue = {1: 2, 2: 0}
Total People in frame = 6
Number of people in queue = {1: 2, 2: 0}
Total People in frame = 7
Number of people in queue = {1: 2, 2: 0}
Total People in frame = 8
Number of people in queue = {1: 2, 2: 0}
Total People in frame = 7
Number of people in queue = {1: 3, 2: 0}
Total People in frame = 7
Number of people in queue = {1: 3, 2: 0}
Total People in frame = 7
Number of people in queue = {1: 2, 2: 0}
Total People in frame = 7
Number of people in queue = {1: 2, 2: 0}
Total People in frame = 7
Number of people in queue = {1: 2, 2: 0}
Total People in frame = 7
Number of people in queue = {1: 2, 2: 0}
Total People in frame = 7
Number of people in queue = {1: 2, 2: 0}
Total People in frame = 7
Number of people in queue = {1: 2, 2: 0}
Total People in frame = 8
Number of people in queue = {1: 2, 2: 1}
Total People in frame = 8
Number of people in queue = {1: 2, 2: 1}
Total People in frame = 7
Number of people in queue = {1: 2, 2: 0}
Total People in frame = 8
Number of people in queue = {1: 2, 2: 1}
Total People in frame = 8
Number of people in queue = {1: 2, 2: 1}
Total People in frame = 7
Number of people in queue = {1: 2, 2: 0}
Total People in frame = 7
Number of people in queue = {1: 2, 2: 0}
Total People in frame = 7
Number of people in queue = {1: 2, 2: 0}
Total People in frame = 7
Number of people in queue = {1: 2, 2: 0}
Total People in frame = 7
Number of people in queue = {1: 2, 2: 0}
Total People in frame = 8
Number of people in queue = {1: 3, 2: 0}
Total People in frame = 8
Number of people in queue = {1: 3, 2: 0}
Total People in frame = 7
Number of people in queue = {1: 3, 2: 0}
Total People in frame = 6
Number of people in queue = {1: 2, 2: 0}
Total People in frame = 7
Number of people in queue = {1: 2, 2: 0}
Total People in frame = 7
Number of people in queue = {1: 2, 2: 0}
Total People in frame = 7
Number of people in queue = {1: 2, 2: 0}
Total People in frame = 7
Number of people in queue = {1: 2, 2: 0}
Total People in frame = 7
Number of people in queue = {1: 2, 2: 0}
Total People in frame = 8
Number of people in queue = {1: 3, 2: 0}
Total People in frame = 7
Number of people in queue = {1: 2, 2: 0}
Total People in frame = 7
Number of people in queue = {1: 2, 2: 0}
Total People in frame = 7
Number of people in queue = {1: 2, 2: 0}
Total People in frame = 7
Number of people in queue = {1: 2, 2: 0}
Total People in frame = 7
Number of people in queue = {1: 2, 2: 0}
Total People in frame = 7
Number of people in queue = {1: 3, 2: 0}
Total People in frame = 8
Number of people in queue = {1: 3, 2: 0}
Total People in frame = 7
Number of people in queue = {1: 2, 2: 0}
Total People in frame = 7
Number of people in queue = {1: 2, 2: 0}
Total People in frame = 7
Number of people in queue = {1: 2, 2: 0}
Total People in frame = 7
Number of people in queue = {1: 2, 2: 0}
Total People in frame = 6
Number of people in queue = {1: 2, 2: 0}
Total People in frame = 6
Number of people in queue = {1: 2, 2: 0}
Total People in frame = 6
Number of people in queue = {1: 2, 2: 0}
Total People in frame = 6
Number of people in queue = {1: 2, 2: 0}
Total People in frame = 6
Number of people in queue = {1: 2, 2: 0}
Total People in frame = 6
Number of people in queue = {1: 2, 2: 0}
Total People in frame = 7
Number of people in queue = {1: 2, 2: 0}
Total People in frame = 8
Number of people in queue = {1: 2, 2: 0}
Total People in frame = 7
Number of people in queue = {1: 2, 2: 0}
Total People in frame = 8
Number of people in queue = {1: 2, 2: 0}
Total People in frame = 8
Number of people in queue = {1: 2, 2: 0}
Total People in frame = 8
Number of people in queue = {1: 2, 2: 0}
Total People in frame = 8
Number of people in queue = {1: 2, 2: 0}
Total People in frame = 8
Number of people in queue = {1: 2, 2: 0}
Total People in frame = 8
Number of people in queue = {1: 2, 2: 0}
Total People in frame = 9
Number of people in queue = {1: 3, 2: 0}
Total People in frame = 9
Number of people in queue = {1: 3, 2: 0}
Total People in frame = 9
Number of people in queue = {1: 3, 2: 0}
Total People in frame = 9
Number of people in queue = {1: 3, 2: 0}
Total People in frame = 9
Number of people in queue = {1: 3, 2: 0}
Total People in frame = 7
Number of people in queue = {1: 2, 2: 0}
Total People in frame = 8
Number of people in queue = {1: 3, 2: 0}
Total People in frame = 8
Number of people in queue = {1: 3, 2: 0}
Total People in frame = 7
Number of people in queue = {1: 2, 2: 0}
Total People in frame = 7
Number of people in queue = {1: 2, 2: 0}
Total People in frame = 7
Number of people in queue = {1: 2, 2: 0}
Total People in frame = 7
Number of people in queue = {1: 2, 2: 0}
Total People in frame = 7
Number of people in queue = {1: 2, 2: 0}
Total People in frame = 7
Number of people in queue = {1: 2, 2: 0}
Total People in frame = 7
Number of people in queue = {1: 2, 2: 0}
Total People in frame = 7
Number of people in queue = {1: 2, 2: 0}
Total People in frame = 7
Number of people in queue = {1: 2, 2: 0}
Total People in frame = 9
Number of people in queue = {1: 3, 2: 0}
Total People in frame = 9
Number of people in queue = {1: 3, 2: 0}
Total People in frame = 9
Number of people in queue = {1: 3, 2: 0}
Total People in frame = 8
Number of people in queue = {1: 4, 2: 0}
Total People in frame = 8
Number of people in queue = {1: 3, 2: 0}
Total People in frame = 8
Number of people in queue = {1: 3, 2: 0}
Total People in frame = 9
Number of people in queue = {1: 4, 2: 0}
Total People in frame = 8
Number of people in queue = {1: 4, 2: 0}
Total People in frame = 8
Number of people in queue = {1: 4, 2: 0}
Total People in frame = 8
Number of people in queue = {1: 4, 2: 0}
Total People in frame = 8
Number of people in queue = {1: 4, 2: 0}
Total People in frame = 8
Number of people in queue = {1: 3, 2: 0}
Total People in frame = 8
Number of people in queue = {1: 3, 2: 0}
Total People in frame = 8
Number of people in queue = {1: 3, 2: 0}
Total People in frame = 8
Number of people in queue = {1: 3, 2: 0}
Total People in frame = 8
Number of people in queue = {1: 3, 2: 0}
Total People in frame = 8
Number of people in queue = {1: 3, 2: 0}
Total People in frame = 8
Number of people in queue = {1: 3, 2: 0}
Total People in frame = 8
Number of people in queue = {1: 3, 2: 0}
Total People in frame = 8
Number of people in queue = {1: 3, 2: 0}
Total People in frame = 8
Number of people in queue = {1: 3, 2: 0}
Total People in frame = 8
Number of people in queue = {1: 3, 2: 0}
Total People in frame = 8
Number of people in queue = {1: 3, 2: 0}
Total People in frame = 8
Number of people in queue = {1: 3, 2: 0}
Total People in frame = 8
Number of people in queue = {1: 3, 2: 0}
Total People in frame = 9
Number of people in queue = {1: 4, 2: 0}
Total People in frame = 9
Number of people in queue = {1: 3, 2: 0}
Total People in frame = 9
Number of people in queue = {1: 3, 2: 0}
Total People in frame = 9
Number of people in queue = {1: 4, 2: 0}
Total People in frame = 9
Number of people in queue = {1: 3, 2: 0}
Total People in frame = 9
Number of people in queue = {1: 3, 2: 0}
Total People in frame = 9
Number of people in queue = {1: 3, 2: 0}
Total People in frame = 9
Number of people in queue = {1: 3, 2: 0}
Total People in frame = 8
Number of people in queue = {1: 2, 2: 0}
Total People in frame = 8
Number of people in queue = {1: 2, 2: 0}
Total People in frame = 9
Number of people in queue = {1: 3, 2: 0}
Total People in frame = 9
Number of people in queue = {1: 3, 2: 0}
Total People in frame = 8
Number of people in queue = {1: 3, 2: 0}
Total People in frame = 8
Number of people in queue = {1: 3, 2: 0}
Total People in frame = 10
Number of people in queue = {1: 3, 2: 1}
Total People in frame = 8
Number of people in queue = {1: 3, 2: 0}
Total People in frame = 7
Number of people in queue = {1: 2, 2: 0}
Total People in frame = 7
Number of people in queue = {1: 2, 2: 0}
Total People in frame = 7
Number of people in queue = {1: 2, 2: 0}
Total People in frame = 7
Number of people in queue = {1: 2, 2: 0}
Total People in frame = 7
Number of people in queue = {1: 2, 2: 0}
Total People in frame = 7
Number of people in queue = {1: 2, 2: 0}
Total People in frame = 7
Number of people in queue = {1: 2, 2: 0}
Total People in frame = 7
Number of people in queue = {1: 2, 2: 0}
Total People in frame = 7
Number of people in queue = {1: 3, 2: 0}
Total People in frame = 7
Number of people in queue = {1: 3, 2: 0}
Total People in frame = 8
Number of people in queue = {1: 4, 2: 0}
Total People in frame = 8
Number of people in queue = {1: 4, 2: 0}
Total People in frame = 7
Number of people in queue = {1: 3, 2: 0}
Total People in frame = 7
Number of people in queue = {1: 3, 2: 0}
Total People in frame = 8
Number of people in queue = {1: 4, 2: 0}
Total People in frame = 9
Number of people in queue = {1: 5, 2: 0}
Total People in frame = 9
Number of people in queue = {1: 5, 2: 0}
Total People in frame = 9
Number of people in queue = {1: 5, 2: 0}
Total People in frame = 9
Number of people in queue = {1: 4, 2: 0}
Total People in frame = 8
Number of people in queue = {1: 4, 2: 0}
Total People in frame = 8
Number of people in queue = {1: 5, 2: 0}
Total People in frame = 10
Number of people in queue = {1: 6, 2: 0}
Total People in frame = 9
Number of people in queue = {1: 5, 2: 0}
Total People in frame = 8
Number of people in queue = {1: 5, 2: 0}
Total People in frame = 8
Number of people in queue = {1: 5, 2: 0}
Total People in frame = 7
Number of people in queue = {1: 4, 2: 0}
Total People in frame = 8
Number of people in queue = {1: 4, 2: 1}
Total People in frame = 9
Number of people in queue = {1: 4, 2: 1}
Total People in frame = 7
Number of people in queue = {1: 3, 2: 1}
Total People in frame = 7
Number of people in queue = {1: 3, 2: 1}
Total People in frame = 8
Number of people in queue = {1: 3, 2: 1}
Total People in frame = 9
Number of people in queue = {1: 4, 2: 1}
Total People in frame = 8
Number of people in queue = {1: 4, 2: 1}
Total People in frame = 9
Number of people in queue = {1: 4, 2: 1}
Total People in frame = 8
Number of people in queue = {1: 4, 2: 1}
Total People in frame = 8
Number of people in queue = {1: 4, 2: 1}
Total People in frame = 8
Number of people in queue = {1: 4, 2: 1}
Total People in frame = 8
Number of people in queue = {1: 4, 2: 0}
Total People in frame = 10
Number of people in queue = {1: 5, 2: 1}
Total People in frame = 10
Number of people in queue = {1: 5, 2: 1}
Total People in frame = 9
Number of people in queue = {1: 4, 2: 1}
Total People in frame = 9
Number of people in queue = {1: 4, 2: 1}
Total People in frame = 9
Number of people in queue = {1: 4, 2: 1}
Total People in frame = 8
Number of people in queue = {1: 4, 2: 2}
Total People in frame = 8
Number of people in queue = {1: 4, 2: 2}
Total People in frame = 8
Number of people in queue = {1: 4, 2: 2}
Total People in frame = 7
Number of people in queue = {1: 4, 2: 1}
Total People in frame = 9
Number of people in queue = {1: 3, 2: 2}
Total People in frame = 10
Number of people in queue = {1: 4, 2: 2}
Total People in frame = 10
Number of people in queue = {1: 4, 2: 2}
Total People in frame = 11
Number of people in queue = {1: 4, 2: 2}
Total People in frame = 10
Number of people in queue = {1: 4, 2: 2}
Total People in frame = 10
Number of people in queue = {1: 4, 2: 2}
Total People in frame = 10
Number of people in queue = {1: 4, 2: 2}
Total People in frame = 10
Number of people in queue = {1: 4, 2: 2}
Total People in frame = 9
Number of people in queue = {1: 3, 2: 2}
Total People in frame = 9
Number of people in queue = {1: 3, 2: 2}
Total People in frame = 8
Number of people in queue = {1: 2, 2: 2}
Total People in frame = 8
Number of people in queue = {1: 2, 2: 2}
Total People in frame = 8
Number of people in queue = {1: 2, 2: 2}
Total People in frame = 8
Number of people in queue = {1: 2, 2: 2}
Total People in frame = 9
Number of people in queue = {1: 2, 2: 3}
Total People in frame = 8
Number of people in queue = {1: 2, 2: 2}
Total People in frame = 9
Number of people in queue = {1: 3, 2: 2}
Total People in frame = 8
Number of people in queue = {1: 3, 2: 2}
Total People in frame = 8
Number of people in queue = {1: 2, 2: 1}
Total People in frame = 8
Number of people in queue = {1: 2, 2: 1}
Total People in frame = 8
Number of people in queue = {1: 2, 2: 2}
Total People in frame = 9
Number of people in queue = {1: 2, 2: 2}
Total People in frame = 9
Number of people in queue = {1: 4, 2: 1}
Total People in frame = 9
Number of people in queue = {1: 4, 2: 1}
Total People in frame = 9
Number of people in queue = {1: 4, 2: 1}
Total People in frame = 9
Number of people in queue = {1: 4, 2: 2}
Total People in frame = 9
Number of people in queue = {1: 4, 2: 2}
Total People in frame = 9
Number of people in queue = {1: 4, 2: 2}
Total People in frame = 9
Number of people in queue = {1: 4, 2: 2}
Total People in frame = 8
Number of people in queue = {1: 3, 2: 2}
Total People in frame = 8
Number of people in queue = {1: 3, 2: 2}
Total People in frame = 8
Number of people in queue = {1: 3, 2: 1}
Total People in frame = 8
Number of people in queue = {1: 3, 2: 2}
Total People in frame = 8
Number of people in queue = {1: 3, 2: 2}
Total People in frame = 8
Number of people in queue = {1: 3, 2: 2}
Total People in frame = 8
Number of people in queue = {1: 3, 2: 2}
Total People in frame = 8
Number of people in queue = {1: 3, 2: 2}
Total People in frame = 8
Number of people in queue = {1: 3, 2: 2}
Total People in frame = 8
Number of people in queue = {1: 3, 2: 2}
Total People in frame = 8
Number of people in queue = {1: 3, 2: 2}
Total People in frame = 9
Number of people in queue = {1: 3, 2: 3}
Total People in frame = 9
Number of people in queue = {1: 3, 2: 2}
Total People in frame = 9
Number of people in queue = {1: 3, 2: 2}
Total People in frame = 11
Number of people in queue = {1: 4, 2: 3}
Total People in frame = 11
Number of people in queue = {1: 4, 2: 3}
Total People in frame = 11
Number of people in queue = {1: 4, 2: 2}
Total People in frame = 11
Number of people in queue = {1: 4, 2: 2}
Total People in frame = 10
Number of people in queue = {1: 4, 2: 2}
Total People in frame = 10
Number of people in queue = {1: 4, 2: 2}
Total People in frame = 10
Number of people in queue = {1: 4, 2: 2}
Total People in frame = 9
Number of people in queue = {1: 3, 2: 2}
Total People in frame = 10
Number of people in queue = {1: 3, 2: 2}
Total People in frame = 10
Number of people in queue = {1: 3, 2: 2}
Total People in frame = 10
Number of people in queue = {1: 3, 2: 2}
Total People in frame = 10
Number of people in queue = {1: 3, 2: 2}
Total People in frame = 10
Number of people in queue = {1: 3, 2: 2}
Total People in frame = 10
Number of people in queue = {1: 3, 2: 2}
Total People in frame = 10
Number of people in queue = {1: 3, 2: 3}
Total People in frame = 10
Number of people in queue = {1: 3, 2: 3}
Total People in frame = 9
Number of people in queue = {1: 3, 2: 2}
Total People in frame = 9
Number of people in queue = {1: 3, 2: 2}
Total People in frame = 9
Number of people in queue = {1: 3, 2: 2}
Total People in frame = 10
Number of people in queue = {1: 3, 2: 2}
Total People in frame = 10
Number of people in queue = {1: 4, 2: 2}
Total People in frame = 9
Number of people in queue = {1: 3, 2: 2}
Total People in frame = 10
Number of people in queue = {1: 3, 2: 2}
Total People in frame = 11
Number of people in queue = {1: 4, 2: 2}
Total People in frame = 10
Number of people in queue = {1: 3, 2: 2}
Total People in frame = 10
Number of people in queue = {1: 4, 2: 2}
Total People in frame = 10
Number of people in queue = {1: 3, 2: 2}
Total People in frame = 10
Number of people in queue = {1: 3, 2: 2}
Total People in frame = 8
Number of people in queue = {1: 2, 2: 2}
Total People in frame = 10
Number of people in queue = {1: 4, 2: 2}
Total People in frame = 9
Number of people in queue = {1: 3, 2: 3}
Total People in frame = 9
Number of people in queue = {1: 3, 2: 2}
Total People in frame = 9
Number of people in queue = {1: 3, 2: 2}
Total People in frame = 9
Number of people in queue = {1: 3, 2: 2}
Total People in frame = 10
Number of people in queue = {1: 3, 2: 2}
Total People in frame = 9
Number of people in queue = {1: 3, 2: 2}
Total People in frame = 9
Number of people in queue = {1: 3, 2: 2}
Total People in frame = 8
Number of people in queue = {1: 3, 2: 1}
Total People in frame = 8
Number of people in queue = {1: 3, 2: 1}
Total People in frame = 8
Number of people in queue = {1: 3, 2: 1}
Total People in frame = 8
Number of people in queue = {1: 3, 2: 1}
Total People in frame = 8
Number of people in queue = {1: 3, 2: 1}
Total People in frame = 8
Number of people in queue = {1: 3, 2: 1}
Total People in frame = 8
Number of people in queue = {1: 2, 2: 1}
Total People in frame = 8
Number of people in queue = {1: 2, 2: 1}
Total People in frame = 8
Number of people in queue = {1: 2, 2: 1}
Total People in frame = 8
Number of people in queue = {1: 2, 2: 1}
Total People in frame = 8
Number of people in queue = {1: 2, 2: 1}
Total People in frame = 8
Number of people in queue = {1: 2, 2: 1}
Total People in frame = 8
Number of people in queue = {1: 2, 2: 1}
Total People in frame = 9
Number of people in queue = {1: 2, 2: 2}
Total People in frame = 9
Number of people in queue = {1: 2, 2: 2}
Total People in frame = 10
Number of people in queue = {1: 3, 2: 2}
Total People in frame = 8
Number of people in queue = {1: 2, 2: 1}
Total People in frame = 8
Number of people in queue = {1: 2, 2: 1}
Total People in frame = 8
Number of people in queue = {1: 2, 2: 1}
Total People in frame = 8
Number of people in queue = {1: 2, 2: 1}
Total People in frame = 8
Number of people in queue = {1: 2, 2: 1}
Total People in frame = 7
Number of people in queue = {1: 1, 2: 1}
Total People in frame = 7
Number of people in queue = {1: 1, 2: 1}
Total People in frame = 7
Number of people in queue = {1: 1, 2: 1}
Total People in frame = 6
Number of people in queue = {1: 1, 2: 0}
Total People in frame = 6
Number of people in queue = {1: 1, 2: 0}
Total People in frame = 6
Number of people in queue = {1: 1, 2: 0}
Total People in frame = 6
Number of people in queue = {1: 1, 2: 0}
Total People in frame = 7
Number of people in queue = {1: 1, 2: 1}
Total People in frame = 7
Number of people in queue = {1: 1, 2: 1}
Total People in frame = 7
Number of people in queue = {1: 1, 2: 1}
Total People in frame = 7
Number of people in queue = {1: 1, 2: 1}
Total People in frame = 7
Number of people in queue = {1: 1, 2: 1}
Total People in frame = 7
Number of people in queue = {1: 2, 2: 0}
Total People in frame = 7
Number of people in queue = {1: 2, 2: 0}
Total People in frame = 8
Number of people in queue = {1: 2, 2: 0}
Total People in frame = 8
Number of people in queue = {1: 2, 2: 0}
Total People in frame = 8
Number of people in queue = {1: 2, 2: 0}
Total People in frame = 8
Number of people in queue = {1: 2, 2: 0}
Total People in frame = 8
Number of people in queue = {1: 2, 2: 0}
Total People in frame = 8
Number of people in queue = {1: 2, 2: 1}
Total People in frame = 8
Number of people in queue = {1: 2, 2: 0}
Total People in frame = 8
Number of people in queue = {1: 2, 2: 1}
Total People in frame = 8
Number of people in queue = {1: 2, 2: 2}
Total People in frame = 7
Number of people in queue = {1: 2, 2: 2}
Total People in frame = 7
Number of people in queue = {1: 2, 2: 2}
Total People in frame = 7
Number of people in queue = {1: 2, 2: 2}
Total People in frame = 7
Number of people in queue = {1: 2, 2: 2}
Total People in frame = 7
Number of people in queue = {1: 2, 2: 2}
Total People in frame = 7
Number of people in queue = {1: 2, 2: 2}
Total People in frame = 7
Number of people in queue = {1: 2, 2: 2}
Total People in frame = 7
Number of people in queue = {1: 2, 2: 2}
Total People in frame = 7
Number of people in queue = {1: 2, 2: 2}
Total People in frame = 7
Number of people in queue = {1: 2, 2: 2}
Total People in frame = 7
Number of people in queue = {1: 2, 2: 2}
Total People in frame = 6
Number of people in queue = {1: 1, 2: 2}
Total People in frame = 7
Number of people in queue = {1: 2, 2: 2}
Total People in frame = 8
Number of people in queue = {1: 3, 2: 2}
Total People in frame = 7
Number of people in queue = {1: 2, 2: 1}
Total People in frame = 8
Number of people in queue = {1: 2, 2: 1}
Total People in frame = 8
Number of people in queue = {1: 2, 2: 1}
Total People in frame = 8
Number of people in queue = {1: 2, 2: 1}
Total People in frame = 8
Number of people in queue = {1: 2, 2: 1}
Total People in frame = 7
Number of people in queue = {1: 1, 2: 1}
Total People in frame = 7
Number of people in queue = {1: 1, 2: 1}
Total People in frame = 8
Number of people in queue = {1: 2, 2: 1}
Model load time:  29.097557544708252
Inference time:  13.6
FPS:  24.264705882352942
results/
results/transportation/
results/transportation/fpga/
results/transportation/fpga/stats.txt
results/transportation/fpga/output_video.mp4
stderr.log
